<?xml version="1.0" encoding="UTF-8"?>
<!-- Generated by org.testng.reporters.JUnitReportReporter -->
<testsuite hostname="DESKTOP-9D7ETQ0" failures="0" tests="1" name="Test.ExtractTest" time="59.998" errors="0" timestamp="21 Dec 2023 09:30:00 GMT" skipped="0">
  <testcase classname="Test.ExtractTest" name="successExtract" time="59.998"/>
</testsuite> <!-- Test.ExtractTest -->
